[ 2017-07-26T09:07:47+08:00 ] ::1 /w1chatXcs/
INFO: [ app_init ] --START--
INFO: Run Behavior\BuildLiteBehavior [ RunTime:0.000021s ]
INFO: [ app_init ] --END-- [ RunTime:0.001913s ]
INFO: [ app_begin ] --START--
INFO: Run Behavior\ReadHtmlCacheBehavior [ RunTime:0.008739s ]
INFO: [ app_begin ] --END-- [ RunTime:0.008828s ]

[ 2017-07-26T09:11:12+08:00 ] ::1 /
INFO: [ app_init ] --START--
INFO: Run Behavior\BuildLiteBehavior [ RunTime:0.000009s ]
INFO: [ app_init ] --END-- [ RunTime:0.000355s ]
INFO: [ app_begin ] --START--
INFO: Run Behavior\ReadHtmlCacheBehavior [ RunTime:0.000641s ]
INFO: [ app_begin ] --END-- [ RunTime:0.000684s ]

[ 2017-07-26T09:19:26+08:00 ] ::1 /
INFO: [ app_init ] --START--
INFO: Run Behavior\BuildLiteBehavior [ RunTime:0.000013s ]
INFO: [ app_init ] --END-- [ RunTime:0.000516s ]
INFO: [ app_begin ] --START--
INFO: Run Behavior\ReadHtmlCacheBehavior [ RunTime:0.000806s ]
INFO: [ app_begin ] --END-- [ RunTime:0.000862s ]

[ 2017-07-26T09:19:27+08:00 ] ::1 /
INFO: [ app_init ] --START--
INFO: Run Behavior\BuildLiteBehavior [ RunTime:0.000013s ]
INFO: [ app_init ] --END-- [ RunTime:0.000443s ]
INFO: [ app_begin ] --START--
INFO: Run Behavior\ReadHtmlCacheBehavior [ RunTime:0.000568s ]
INFO: [ app_begin ] --END-- [ RunTime:0.000624s ]

[ 2017-07-26T09:19:27+08:00 ] ::1 /
INFO: [ app_init ] --START--
INFO: Run Behavior\BuildLiteBehavior [ RunTime:0.000011s ]
INFO: [ app_init ] --END-- [ RunTime:0.000440s ]
INFO: [ app_begin ] --START--
INFO: Run Behavior\ReadHtmlCacheBehavior [ RunTime:0.000389s ]
INFO: [ app_begin ] --END-- [ RunTime:0.000427s ]

[ 2017-07-26T09:19:27+08:00 ] ::1 /
INFO: [ app_init ] --START--
INFO: Run Behavior\BuildLiteBehavior [ RunTime:0.000011s ]
INFO: [ app_init ] --END-- [ RunTime:0.000238s ]
INFO: [ app_begin ] --START--
INFO: Run Behavior\ReadHtmlCacheBehavior [ RunTime:0.000331s ]
INFO: [ app_begin ] --END-- [ RunTime:0.000361s ]

[ 2017-07-26T09:19:28+08:00 ] ::1 /
INFO: [ app_init ] --START--
INFO: Run Behavior\BuildLiteBehavior [ RunTime:0.000010s ]
INFO: [ app_init ] --END-- [ RunTime:0.000377s ]
INFO: [ app_begin ] --START--
INFO: Run Behavior\ReadHtmlCacheBehavior [ RunTime:0.000308s ]
INFO: [ app_begin ] --END-- [ RunTime:0.000339s ]

[ 2017-07-26T09:19:28+08:00 ] ::1 /
INFO: [ app_init ] --START--
INFO: Run Behavior\BuildLiteBehavior [ RunTime:0.000007s ]
INFO: [ app_init ] --END-- [ RunTime:0.000255s ]
INFO: [ app_begin ] --START--
INFO: Run Behavior\ReadHtmlCacheBehavior [ RunTime:0.000283s ]
INFO: [ app_begin ] --END-- [ RunTime:0.000313s ]

[ 2017-07-26T09:19:33+08:00 ] ::1 /
INFO: [ app_init ] --START--
INFO: Run Behavior\BuildLiteBehavior [ RunTime:0.000011s ]
INFO: [ app_init ] --END-- [ RunTime:0.000466s ]
INFO: [ app_begin ] --START--
INFO: Run Behavior\ReadHtmlCacheBehavior [ RunTime:0.000359s ]
INFO: [ app_begin ] --END-- [ RunTime:0.000397s ]

[ 2017-07-26T09:20:00+08:00 ] ::1 /
INFO: [ app_init ] --START--
INFO: Run Behavior\BuildLiteBehavior [ RunTime:0.000008s ]
INFO: [ app_init ] --END-- [ RunTime:0.000289s ]
INFO: [ app_begin ] --START--
INFO: Run Behavior\ReadHtmlCacheBehavior [ RunTime:0.000308s ]
INFO: [ app_begin ] --END-- [ RunTime:0.000340s ]

[ 2017-07-26T09:20:00+08:00 ] ::1 /
INFO: [ app_init ] --START--
INFO: Run Behavior\BuildLiteBehavior [ RunTime:0.000051s ]
INFO: [ app_init ] --END-- [ RunTime:0.000495s ]
INFO: [ app_begin ] --START--
INFO: Run Behavior\ReadHtmlCacheBehavior [ RunTime:0.000545s ]
INFO: [ app_begin ] --END-- [ RunTime:0.000599s ]

[ 2017-07-26T09:20:01+08:00 ] ::1 /
INFO: [ app_init ] --START--
INFO: Run Behavior\BuildLiteBehavior [ RunTime:0.000008s ]
INFO: [ app_init ] --END-- [ RunTime:0.000233s ]
INFO: [ app_begin ] --START--
INFO: Run Behavior\ReadHtmlCacheBehavior [ RunTime:0.000472s ]
INFO: [ app_begin ] --END-- [ RunTime:0.000531s ]

[ 2017-07-26T09:20:01+08:00 ] ::1 /
INFO: [ app_init ] --START--
INFO: Run Behavior\BuildLiteBehavior [ RunTime:0.000008s ]
INFO: [ app_init ] --END-- [ RunTime:0.000294s ]
INFO: [ app_begin ] --START--
INFO: Run Behavior\ReadHtmlCacheBehavior [ RunTime:0.000372s ]
INFO: [ app_begin ] --END-- [ RunTime:0.000402s ]

[ 2017-07-26T09:20:01+08:00 ] ::1 /
INFO: [ app_init ] --START--
INFO: Run Behavior\BuildLiteBehavior [ RunTime:0.000009s ]
INFO: [ app_init ] --END-- [ RunTime:0.000272s ]
INFO: [ app_begin ] --START--
INFO: Run Behavior\ReadHtmlCacheBehavior [ RunTime:0.000321s ]
INFO: [ app_begin ] --END-- [ RunTime:0.000352s ]

[ 2017-07-26T09:20:01+08:00 ] ::1 /
INFO: [ app_init ] --START--
INFO: Run Behavior\BuildLiteBehavior [ RunTime:0.000008s ]
INFO: [ app_init ] --END-- [ RunTime:0.000237s ]
INFO: [ app_begin ] --START--
INFO: Run Behavior\ReadHtmlCacheBehavior [ RunTime:0.000293s ]
INFO: [ app_begin ] --END-- [ RunTime:0.000320s ]

[ 2017-07-26T09:20:02+08:00 ] ::1 /
INFO: [ app_init ] --START--
INFO: Run Behavior\BuildLiteBehavior [ RunTime:0.000013s ]
INFO: [ app_init ] --END-- [ RunTime:0.000428s ]
INFO: [ app_begin ] --START--
INFO: Run Behavior\ReadHtmlCacheBehavior [ RunTime:0.000541s ]
INFO: [ app_begin ] --END-- [ RunTime:0.000594s ]

[ 2017-07-26T09:20:02+08:00 ] ::1 /
INFO: [ app_init ] --START--
INFO: Run Behavior\BuildLiteBehavior [ RunTime:0.000007s ]
INFO: [ app_init ] --END-- [ RunTime:0.000234s ]
INFO: [ app_begin ] --START--
INFO: Run Behavior\ReadHtmlCacheBehavior [ RunTime:0.000414s ]
INFO: [ app_begin ] --END-- [ RunTime:0.000453s ]

[ 2017-07-26T09:21:00+08:00 ] ::1 /
INFO: [ app_init ] --START--
INFO: Run Behavior\BuildLiteBehavior [ RunTime:0.000012s ]
INFO: [ app_init ] --END-- [ RunTime:0.000711s ]
INFO: [ app_begin ] --START--
INFO: Run Behavior\ReadHtmlCacheBehavior [ RunTime:0.000406s ]
INFO: [ app_begin ] --END-- [ RunTime:0.000450s ]

[ 2017-07-26T09:21:01+08:00 ] ::1 /
INFO: [ app_init ] --START--
INFO: Run Behavior\BuildLiteBehavior [ RunTime:0.000044s ]
INFO: [ app_init ] --END-- [ RunTime:0.000488s ]
INFO: [ app_begin ] --START--
INFO: Run Behavior\ReadHtmlCacheBehavior [ RunTime:0.000545s ]
INFO: [ app_begin ] --END-- [ RunTime:0.000599s ]

[ 2017-07-26T09:21:01+08:00 ] ::1 /
INFO: [ app_init ] --START--
INFO: Run Behavior\BuildLiteBehavior [ RunTime:0.000008s ]
INFO: [ app_init ] --END-- [ RunTime:0.000234s ]
INFO: [ app_begin ] --START--
INFO: Run Behavior\ReadHtmlCacheBehavior [ RunTime:0.000298s ]
INFO: [ app_begin ] --END-- [ RunTime:0.000327s ]

[ 2017-07-26T09:21:01+08:00 ] ::1 /
INFO: [ app_init ] --START--
INFO: Run Behavior\BuildLiteBehavior [ RunTime:0.000007s ]
INFO: [ app_init ] --END-- [ RunTime:0.000231s ]
INFO: [ app_begin ] --START--
INFO: Run Behavior\ReadHtmlCacheBehavior [ RunTime:0.000353s ]
INFO: [ app_begin ] --END-- [ RunTime:0.000382s ]

[ 2017-07-26T09:21:01+08:00 ] ::1 /
INFO: [ app_init ] --START--
INFO: Run Behavior\BuildLiteBehavior [ RunTime:0.000007s ]
INFO: [ app_init ] --END-- [ RunTime:0.000230s ]
INFO: [ app_begin ] --START--
INFO: Run Behavior\ReadHtmlCacheBehavior [ RunTime:0.000287s ]
INFO: [ app_begin ] --END-- [ RunTime:0.000316s ]

[ 2017-07-26T09:22:20+08:00 ] ::1 /
INFO: [ app_init ] --START--
INFO: Run Behavior\BuildLiteBehavior [ RunTime:0.000008s ]
INFO: [ app_init ] --END-- [ RunTime:0.000305s ]
INFO: [ app_begin ] --START--
INFO: Run Behavior\ReadHtmlCacheBehavior [ RunTime:0.000464s ]
INFO: [ app_begin ] --END-- [ RunTime:0.000495s ]

[ 2017-07-26T09:22:20+08:00 ] ::1 /
INFO: [ app_init ] --START--
INFO: Run Behavior\BuildLiteBehavior [ RunTime:0.000017s ]
INFO: [ app_init ] --END-- [ RunTime:0.000532s ]
INFO: [ app_begin ] --START--
INFO: Run Behavior\ReadHtmlCacheBehavior [ RunTime:0.000691s ]
INFO: [ app_begin ] --END-- [ RunTime:0.000759s ]

[ 2017-07-26T09:22:21+08:00 ] ::1 /
INFO: [ app_init ] --START--
INFO: Run Behavior\BuildLiteBehavior [ RunTime:0.000017s ]
INFO: [ app_init ] --END-- [ RunTime:0.000572s ]
INFO: [ app_begin ] --START--
INFO: Run Behavior\ReadHtmlCacheBehavior [ RunTime:0.000739s ]
INFO: [ app_begin ] --END-- [ RunTime:0.000875s ]

[ 2017-07-26T09:22:21+08:00 ] ::1 /
INFO: [ app_init ] --START--
INFO: Run Behavior\BuildLiteBehavior [ RunTime:0.000007s ]
INFO: [ app_init ] --END-- [ RunTime:0.000250s ]
INFO: [ app_begin ] --START--
INFO: Run Behavior\ReadHtmlCacheBehavior [ RunTime:0.000290s ]
INFO: [ app_begin ] --END-- [ RunTime:0.000318s ]

[ 2017-07-26T10:53:21+08:00 ] ::1 /qiye_inde/index/
INFO: [ app_init ] --START--
INFO: Run Behavior\BuildLiteBehavior [ RunTime:0.000009s ]
INFO: [ app_init ] --END-- [ RunTime:0.000370s ]
INFO: [ app_begin ] --START--
INFO: Run Behavior\ReadHtmlCacheBehavior [ RunTime:0.000562s ]
INFO: [ app_begin ] --END-- [ RunTime:0.000600s ]
ERR: 无法加载控制器:Qiye_inde

[ 2017-07-26T10:53:30+08:00 ] ::1 /qiye_index/index/
INFO: [ app_init ] --START--
INFO: Run Behavior\BuildLiteBehavior [ RunTime:0.000009s ]
INFO: [ app_init ] --END-- [ RunTime:0.000511s ]
INFO: [ app_begin ] --START--
INFO: Run Behavior\ReadHtmlCacheBehavior [ RunTime:0.000486s ]
INFO: [ app_begin ] --END-- [ RunTime:0.000522s ]
ERR: 无法加载控制器:Qiye_index

[ 2017-07-26T10:53:44+08:00 ] ::1 /qiye_index/1
INFO: [ app_init ] --START--
INFO: Run Behavior\BuildLiteBehavior [ RunTime:0.000009s ]
INFO: [ app_init ] --END-- [ RunTime:0.000276s ]
INFO: [ app_begin ] --START--
INFO: Run Behavior\ReadHtmlCacheBehavior [ RunTime:0.000412s ]
INFO: [ app_begin ] --END-- [ RunTime:0.000444s ]
INFO: [ view_parse ] --START--
INFO: [ template_filter ] --START--
INFO: Run Behavior\ContentReplaceBehavior [ RunTime:0.001367s ]
INFO: [ template_filter ] --END-- [ RunTime:0.001406s ]
INFO: Run Behavior\ParseTemplateBehavior [ RunTime:0.020523s ]
INFO: [ view_parse ] --END-- [ RunTime:0.020557s ]
INFO: [ view_filter ] --START--
INFO: Run Behavior\WriteHtmlCacheBehavior [ RunTime:0.013191s ]
INFO: [ view_filter ] --END-- [ RunTime:0.013228s ]
INFO: [ app_end ] --START--
INFO: Run Behavior\ShowPageTraceBehavior [ RunTime:0.009301s ]
INFO: [ app_end ] --END-- [ RunTime:0.009352s ]

[ 2017-07-26T10:53:56+08:00 ] ::1 /qiye_index/1
INFO: [ app_init ] --START--
INFO: Run Behavior\BuildLiteBehavior [ RunTime:0.000024s ]
INFO: [ app_init ] --END-- [ RunTime:0.000328s ]
INFO: [ app_begin ] --START--
INFO: Run Behavior\ReadHtmlCacheBehavior [ RunTime:0.000354s ]
INFO: [ app_begin ] --END-- [ RunTime:0.000391s ]
NOTIC: [8] Undefined index: Expires F:\disproject\wechatxcx\w1chatXcs\ThinkPHP\Library\Think\Upload\Driver\Qiniu\QiniuStorage.class.php 第 51 行.
NOTIC: [8] Undefined index: custom_fields F:\disproject\wechatxcx\w1chatXcs\ThinkPHP\Library\Think\Upload\Driver\Qiniu\QiniuStorage.class.php 第 90 行.
NOTIC: [8] Undefined index: fileName F:\disproject\wechatxcx\w1chatXcs\ThinkPHP\Library\Think\Upload\Driver\Qiniu\QiniuStorage.class.php 第 104 行.
NOTIC: [8] Undefined index: fileBody F:\disproject\wechatxcx\w1chatXcs\ThinkPHP\Library\Think\Upload\Driver\Qiniu\QiniuStorage.class.php 第 105 行.
NOTIC: [8] Array to string conversion F:\disproject\wechatxcx\w1chatXcs\ThinkPHP\Library\Think\Upload\Driver\Qiniu\QiniuStorage.class.php 第 115 行.
INFO: [ view_parse ] --START--
INFO: [ template_filter ] --START--
INFO: Run Behavior\ContentReplaceBehavior [ RunTime:0.000038s ]
INFO: [ template_filter ] --END-- [ RunTime:0.000078s ]
INFO: Run Behavior\ParseTemplateBehavior [ RunTime:0.004207s ]
INFO: [ view_parse ] --END-- [ RunTime:0.004249s ]
INFO: [ view_filter ] --START--
INFO: Run Behavior\WriteHtmlCacheBehavior [ RunTime:0.000378s ]
INFO: [ view_filter ] --END-- [ RunTime:0.000420s ]
INFO: [ app_end ] --START--
INFO: Run Behavior\ShowPageTraceBehavior [ RunTime:0.000598s ]
INFO: [ app_end ] --END-- [ RunTime:0.000627s ]

[ 2017-07-26T10:54:36+08:00 ] ::1 /qiye_index/1
INFO: [ app_init ] --START--
INFO: Run Behavior\BuildLiteBehavior [ RunTime:0.000008s ]
INFO: [ app_init ] --END-- [ RunTime:0.000346s ]
INFO: [ app_begin ] --START--
INFO: Run Behavior\ReadHtmlCacheBehavior [ RunTime:0.000417s ]
INFO: [ app_begin ] --END-- [ RunTime:0.000458s ]
INFO: [ view_parse ] --START--
INFO: [ template_filter ] --START--
INFO: Run Behavior\ContentReplaceBehavior [ RunTime:0.000028s ]
INFO: [ template_filter ] --END-- [ RunTime:0.000071s ]
INFO: Run Behavior\ParseTemplateBehavior [ RunTime:0.004290s ]
INFO: [ view_parse ] --END-- [ RunTime:0.004330s ]
INFO: [ view_filter ] --START--
INFO: Run Behavior\WriteHtmlCacheBehavior [ RunTime:0.000382s ]
INFO: [ view_filter ] --END-- [ RunTime:0.000408s ]
INFO: [ app_end ] --START--
INFO: Run Behavior\ShowPageTraceBehavior [ RunTime:0.000473s ]
INFO: [ app_end ] --END-- [ RunTime:0.000498s ]

[ 2017-07-26T10:54:41+08:00 ] ::1 /qiye_index/1
INFO: [ app_init ] --START--
INFO: Run Behavior\BuildLiteBehavior [ RunTime:0.000009s ]
INFO: [ app_init ] --END-- [ RunTime:0.000257s ]
INFO: [ app_begin ] --START--
INFO: Run Behavior\ReadHtmlCacheBehavior [ RunTime:0.000369s ]
INFO: [ app_begin ] --END-- [ RunTime:0.000409s ]
NOTIC: [8] Undefined index: Expires F:\disproject\wechatxcx\w1chatXcs\ThinkPHP\Library\Think\Upload\Driver\Qiniu\QiniuStorage.class.php 第 51 行.
NOTIC: [8] Undefined index: custom_fields F:\disproject\wechatxcx\w1chatXcs\ThinkPHP\Library\Think\Upload\Driver\Qiniu\QiniuStorage.class.php 第 90 行.
NOTIC: [8] Undefined index: fileName F:\disproject\wechatxcx\w1chatXcs\ThinkPHP\Library\Think\Upload\Driver\Qiniu\QiniuStorage.class.php 第 104 行.
NOTIC: [8] Undefined index: fileBody F:\disproject\wechatxcx\w1chatXcs\ThinkPHP\Library\Think\Upload\Driver\Qiniu\QiniuStorage.class.php 第 105 行.
NOTIC: [8] Array to string conversion F:\disproject\wechatxcx\w1chatXcs\ThinkPHP\Library\Think\Upload\Driver\Qiniu\QiniuStorage.class.php 第 115 行.
INFO: [ view_parse ] --START--
INFO: [ template_filter ] --START--
INFO: Run Behavior\ContentReplaceBehavior [ RunTime:0.000020s ]
INFO: [ template_filter ] --END-- [ RunTime:0.000050s ]
INFO: Run Behavior\ParseTemplateBehavior [ RunTime:0.003381s ]
INFO: [ view_parse ] --END-- [ RunTime:0.003416s ]
INFO: [ view_filter ] --START--
INFO: Run Behavior\WriteHtmlCacheBehavior [ RunTime:0.000393s ]
INFO: [ view_filter ] --END-- [ RunTime:0.000417s ]
INFO: [ app_end ] --START--
INFO: Run Behavior\ShowPageTraceBehavior [ RunTime:0.000564s ]
INFO: [ app_end ] --END-- [ RunTime:0.000589s ]

[ 2017-07-26T10:58:44+08:00 ] ::1 /qiye_index/1
INFO: [ app_init ] --START--
INFO: Run Behavior\BuildLiteBehavior [ RunTime:0.000008s ]
INFO: [ app_init ] --END-- [ RunTime:0.000323s ]
INFO: [ app_begin ] --START--
INFO: Run Behavior\ReadHtmlCacheBehavior [ RunTime:0.000514s ]
INFO: [ app_begin ] --END-- [ RunTime:0.000552s ]
INFO: [ view_parse ] --START--
INFO: [ template_filter ] --START--
INFO: Run Behavior\ContentReplaceBehavior [ RunTime:0.000023s ]
INFO: [ template_filter ] --END-- [ RunTime:0.000053s ]
INFO: Run Behavior\ParseTemplateBehavior [ RunTime:0.003546s ]
INFO: [ view_parse ] --END-- [ RunTime:0.003587s ]
INFO: [ view_filter ] --START--
INFO: Run Behavior\WriteHtmlCacheBehavior [ RunTime:0.000478s ]
INFO: [ view_filter ] --END-- [ RunTime:0.000517s ]
INFO: [ app_end ] --START--
INFO: Run Behavior\ShowPageTraceBehavior [ RunTime:0.000444s ]
INFO: [ app_end ] --END-- [ RunTime:0.000470s ]

[ 2017-07-26T10:58:49+08:00 ] ::1 /qiye_index/1
INFO: [ app_init ] --START--
INFO: Run Behavior\BuildLiteBehavior [ RunTime:0.000030s ]
INFO: [ app_init ] --END-- [ RunTime:0.000262s ]
INFO: [ app_begin ] --START--
INFO: Run Behavior\ReadHtmlCacheBehavior [ RunTime:0.000313s ]
INFO: [ app_begin ] --END-- [ RunTime:0.000350s ]
NOTIC: [8] Undefined index: Expires F:\disproject\wechatxcx\w1chatXcs\ThinkPHP\Library\Think\Upload\Driver\Qiniu\QiniuStorage.class.php 第 51 行.
NOTIC: [8] Undefined index: custom_fields F:\disproject\wechatxcx\w1chatXcs\ThinkPHP\Library\Think\Upload\Driver\Qiniu\QiniuStorage.class.php 第 90 行.
NOTIC: [8] Undefined index: fileName F:\disproject\wechatxcx\w1chatXcs\ThinkPHP\Library\Think\Upload\Driver\Qiniu\QiniuStorage.class.php 第 104 行.
NOTIC: [8] Undefined index: fileBody F:\disproject\wechatxcx\w1chatXcs\ThinkPHP\Library\Think\Upload\Driver\Qiniu\QiniuStorage.class.php 第 105 行.
NOTIC: [8] Array to string conversion F:\disproject\wechatxcx\w1chatXcs\ThinkPHP\Library\Think\Upload\Driver\Qiniu\QiniuStorage.class.php 第 115 行.
INFO: [ view_parse ] --START--
INFO: [ template_filter ] --START--
INFO: Run Behavior\ContentReplaceBehavior [ RunTime:0.000020s ]
INFO: [ template_filter ] --END-- [ RunTime:0.000053s ]
INFO: Run Behavior\ParseTemplateBehavior [ RunTime:0.003503s ]
INFO: [ view_parse ] --END-- [ RunTime:0.003538s ]
INFO: [ view_filter ] --START--
INFO: Run Behavior\WriteHtmlCacheBehavior [ RunTime:0.000170s ]
INFO: [ view_filter ] --END-- [ RunTime:0.000192s ]
INFO: [ app_end ] --START--
INFO: Run Behavior\ShowPageTraceBehavior [ RunTime:0.000293s ]
INFO: [ app_end ] --END-- [ RunTime:0.000317s ]

[ 2017-07-26T10:59:31+08:00 ] ::1 /qiye_index/1
INFO: [ app_init ] --START--
INFO: Run Behavior\BuildLiteBehavior [ RunTime:0.000008s ]
INFO: [ app_init ] --END-- [ RunTime:0.000327s ]
INFO: [ app_begin ] --START--
INFO: Run Behavior\ReadHtmlCacheBehavior [ RunTime:0.000611s ]
INFO: [ app_begin ] --END-- [ RunTime:0.000691s ]
INFO: [ view_parse ] --START--
INFO: [ template_filter ] --START--
INFO: Run Behavior\ContentReplaceBehavior [ RunTime:0.000030s ]
INFO: [ template_filter ] --END-- [ RunTime:0.000091s ]
INFO: Run Behavior\ParseTemplateBehavior [ RunTime:0.004487s ]
INFO: [ view_parse ] --END-- [ RunTime:0.004546s ]
INFO: [ view_filter ] --START--
INFO: Run Behavior\WriteHtmlCacheBehavior [ RunTime:0.000328s ]
INFO: [ view_filter ] --END-- [ RunTime:0.000356s ]
INFO: [ app_end ] --START--
INFO: Run Behavior\ShowPageTraceBehavior [ RunTime:0.000540s ]
INFO: [ app_end ] --END-- [ RunTime:0.000570s ]

[ 2017-07-26T10:59:39+08:00 ] ::1 /qiye_index/1
INFO: [ app_init ] --START--
INFO: Run Behavior\BuildLiteBehavior [ RunTime:0.000013s ]
INFO: [ app_init ] --END-- [ RunTime:0.000307s ]
INFO: [ app_begin ] --START--
INFO: Run Behavior\ReadHtmlCacheBehavior [ RunTime:0.000329s ]
INFO: [ app_begin ] --END-- [ RunTime:0.000371s ]
NOTIC: [8] Undefined index: Expires F:\disproject\wechatxcx\w1chatXcs\ThinkPHP\Library\Think\Upload\Driver\Qiniu\QiniuStorage.class.php 第 51 行.
NOTIC: [8] Undefined index: custom_fields F:\disproject\wechatxcx\w1chatXcs\ThinkPHP\Library\Think\Upload\Driver\Qiniu\QiniuStorage.class.php 第 90 行.
NOTIC: [8] Undefined index: fileName F:\disproject\wechatxcx\w1chatXcs\ThinkPHP\Library\Think\Upload\Driver\Qiniu\QiniuStorage.class.php 第 104 行.
NOTIC: [8] Undefined index: fileBody F:\disproject\wechatxcx\w1chatXcs\ThinkPHP\Library\Think\Upload\Driver\Qiniu\QiniuStorage.class.php 第 105 行.
NOTIC: [8] Array to string conversion F:\disproject\wechatxcx\w1chatXcs\ThinkPHP\Library\Think\Upload\Driver\Qiniu\QiniuStorage.class.php 第 115 行.
INFO: [ view_parse ] --START--
INFO: [ template_filter ] --START--
INFO: Run Behavior\ContentReplaceBehavior [ RunTime:0.000024s ]
INFO: [ template_filter ] --END-- [ RunTime:0.000063s ]
INFO: Run Behavior\ParseTemplateBehavior [ RunTime:0.003326s ]
INFO: [ view_parse ] --END-- [ RunTime:0.003362s ]
INFO: [ view_filter ] --START--
INFO: Run Behavior\WriteHtmlCacheBehavior [ RunTime:0.000287s ]
INFO: [ view_filter ] --END-- [ RunTime:0.000325s ]
INFO: [ app_end ] --START--
INFO: Run Behavior\ShowPageTraceBehavior [ RunTime:0.000410s ]
INFO: [ app_end ] --END-- [ RunTime:0.000435s ]

[ 2017-07-26T11:03:05+08:00 ] ::1 /qiye_index/1
INFO: [ app_init ] --START--
INFO: Run Behavior\BuildLiteBehavior [ RunTime:0.000008s ]
INFO: [ app_init ] --END-- [ RunTime:0.000302s ]
INFO: [ app_begin ] --START--
INFO: Run Behavior\ReadHtmlCacheBehavior [ RunTime:0.000438s ]
INFO: [ app_begin ] --END-- [ RunTime:0.000472s ]
INFO: [ view_parse ] --START--
INFO: [ template_filter ] --START--
INFO: Run Behavior\ContentReplaceBehavior [ RunTime:0.000021s ]
INFO: [ template_filter ] --END-- [ RunTime:0.000051s ]
INFO: Run Behavior\ParseTemplateBehavior [ RunTime:0.003802s ]
INFO: [ view_parse ] --END-- [ RunTime:0.003840s ]
INFO: [ view_filter ] --START--
INFO: Run Behavior\WriteHtmlCacheBehavior [ RunTime:0.000572s ]
INFO: [ view_filter ] --END-- [ RunTime:0.000599s ]
INFO: [ app_end ] --START--
INFO: Run Behavior\ShowPageTraceBehavior [ RunTime:0.000450s ]
INFO: [ app_end ] --END-- [ RunTime:0.000476s ]

[ 2017-07-26T11:03:12+08:00 ] ::1 /qiye_index/1
INFO: [ app_init ] --START--
INFO: Run Behavior\BuildLiteBehavior [ RunTime:0.000012s ]
INFO: [ app_init ] --END-- [ RunTime:0.000322s ]
INFO: [ app_begin ] --START--
INFO: Run Behavior\ReadHtmlCacheBehavior [ RunTime:0.000555s ]
INFO: [ app_begin ] --END-- [ RunTime:0.000598s ]
NOTIC: [8] Undefined index: Expires F:\disproject\wechatxcx\w1chatXcs\ThinkPHP\Library\Think\Upload\Driver\Qiniu\QiniuStorage.class.php 第 51 行.
NOTIC: [8] Undefined index: custom_fields F:\disproject\wechatxcx\w1chatXcs\ThinkPHP\Library\Think\Upload\Driver\Qiniu\QiniuStorage.class.php 第 90 行.
NOTIC: [8] Undefined index: fileName F:\disproject\wechatxcx\w1chatXcs\ThinkPHP\Library\Think\Upload\Driver\Qiniu\QiniuStorage.class.php 第 104 行.
NOTIC: [8] Undefined index: fileBody F:\disproject\wechatxcx\w1chatXcs\ThinkPHP\Library\Think\Upload\Driver\Qiniu\QiniuStorage.class.php 第 105 行.
NOTIC: [8] Array to string conversion F:\disproject\wechatxcx\w1chatXcs\ThinkPHP\Library\Think\Upload\Driver\Qiniu\QiniuStorage.class.php 第 115 行.
INFO: [ view_parse ] --START--
INFO: [ template_filter ] --START--
INFO: Run Behavior\ContentReplaceBehavior [ RunTime:0.000022s ]
INFO: [ template_filter ] --END-- [ RunTime:0.000054s ]
INFO: Run Behavior\ParseTemplateBehavior [ RunTime:0.004164s ]
INFO: [ view_parse ] --END-- [ RunTime:0.004200s ]
INFO: [ view_filter ] --START--
INFO: Run Behavior\WriteHtmlCacheBehavior [ RunTime:0.000273s ]
INFO: [ view_filter ] --END-- [ RunTime:0.000296s ]
INFO: [ app_end ] --START--
INFO: Run Behavior\ShowPageTraceBehavior [ RunTime:0.000475s ]
INFO: [ app_end ] --END-- [ RunTime:0.000499s ]

[ 2017-07-26T11:05:30+08:00 ] ::1 /qiye_index/1
INFO: [ app_init ] --START--
INFO: Run Behavior\BuildLiteBehavior [ RunTime:0.000008s ]
INFO: [ app_init ] --END-- [ RunTime:0.000352s ]
INFO: [ app_begin ] --START--
INFO: Run Behavior\ReadHtmlCacheBehavior [ RunTime:0.000478s ]
INFO: [ app_begin ] --END-- [ RunTime:0.000510s ]
INFO: [ view_parse ] --START--
INFO: [ template_filter ] --START--
INFO: Run Behavior\ContentReplaceBehavior [ RunTime:0.000024s ]
INFO: [ template_filter ] --END-- [ RunTime:0.000079s ]
INFO: Run Behavior\ParseTemplateBehavior [ RunTime:0.004379s ]
INFO: [ view_parse ] --END-- [ RunTime:0.004415s ]
INFO: [ view_filter ] --START--
INFO: Run Behavior\WriteHtmlCacheBehavior [ RunTime:0.000304s ]
INFO: [ view_filter ] --END-- [ RunTime:0.000326s ]
INFO: [ app_end ] --START--
INFO: Run Behavior\ShowPageTraceBehavior [ RunTime:0.000481s ]
INFO: [ app_end ] --END-- [ RunTime:0.000507s ]

[ 2017-07-26T11:07:50+08:00 ] ::1 /qiye_index/1
INFO: [ app_init ] --START--
INFO: Run Behavior\BuildLiteBehavior [ RunTime:0.000008s ]
INFO: [ app_init ] --END-- [ RunTime:0.000284s ]
INFO: [ app_begin ] --START--
INFO: Run Behavior\ReadHtmlCacheBehavior [ RunTime:0.000435s ]
INFO: [ app_begin ] --END-- [ RunTime:0.000468s ]
NOTIC: [8] Undefined index: Expires F:\disproject\wechatxcx\w1chatXcs\ThinkPHP\Library\Think\Upload\Driver\Qiniu\QiniuStorage.class.php 第 51 行.
NOTIC: [8] Undefined index: custom_fields F:\disproject\wechatxcx\w1chatXcs\ThinkPHP\Library\Think\Upload\Driver\Qiniu\QiniuStorage.class.php 第 90 行.
NOTIC: [8] Undefined index: fileName F:\disproject\wechatxcx\w1chatXcs\ThinkPHP\Library\Think\Upload\Driver\Qiniu\QiniuStorage.class.php 第 104 行.
NOTIC: [8] Undefined index: fileBody F:\disproject\wechatxcx\w1chatXcs\ThinkPHP\Library\Think\Upload\Driver\Qiniu\QiniuStorage.class.php 第 105 行.
NOTIC: [8] Array to string conversion F:\disproject\wechatxcx\w1chatXcs\ThinkPHP\Library\Think\Upload\Driver\Qiniu\QiniuStorage.class.php 第 115 行.
NOTIC: [8] Undefined offset: 1 F:\disproject\wechatxcx\w1chatXcs\ThinkPHP\Library\Think\Upload\Driver\Qiniu\QiniuStorage.class.php 第 321 行.
NOTIC: [8] Undefined offset: 1 F:\disproject\wechatxcx\w1chatXcs\ThinkPHP\Library\Think\Upload\Driver\Qiniu\QiniuStorage.class.php 第 359 行.
NOTIC: [8] Undefined offset: 2 F:\disproject\wechatxcx\w1chatXcs\ThinkPHP\Library\Think\Upload\Driver\Qiniu\QiniuStorage.class.php 第 360 行.
NOTIC: [8] Undefined offset: 1 F:\disproject\wechatxcx\w1chatXcs\ThinkPHP\Library\Think\Upload\Driver\Qiniu\QiniuStorage.class.php 第 360 行.
INFO: [ view_parse ] --START--
INFO: [ template_filter ] --START--
INFO: Run Behavior\ContentReplaceBehavior [ RunTime:0.000057s ]
INFO: [ template_filter ] --END-- [ RunTime:0.000125s ]
INFO: Run Behavior\ParseTemplateBehavior [ RunTime:0.005117s ]
INFO: [ view_parse ] --END-- [ RunTime:0.005159s ]
INFO: [ view_filter ] --START--
INFO: Run Behavior\WriteHtmlCacheBehavior [ RunTime:0.000370s ]
INFO: [ view_filter ] --END-- [ RunTime:0.000394s ]
INFO: [ app_end ] --START--
INFO: Run Behavior\ShowPageTraceBehavior [ RunTime:0.000563s ]
INFO: [ app_end ] --END-- [ RunTime:0.000591s ]

[ 2017-07-26T11:11:13+08:00 ] ::1 /qiye_index/1
INFO: [ app_init ] --START--
INFO: Run Behavior\BuildLiteBehavior [ RunTime:0.000008s ]
INFO: [ app_init ] --END-- [ RunTime:0.000305s ]
INFO: [ app_begin ] --START--
INFO: Run Behavior\ReadHtmlCacheBehavior [ RunTime:0.000460s ]
INFO: [ app_begin ] --END-- [ RunTime:0.000495s ]
INFO: [ view_parse ] --START--
INFO: [ template_filter ] --START--
INFO: Run Behavior\ContentReplaceBehavior [ RunTime:0.000024s ]
INFO: [ template_filter ] --END-- [ RunTime:0.000061s ]
INFO: Run Behavior\ParseTemplateBehavior [ RunTime:0.003916s ]
INFO: [ view_parse ] --END-- [ RunTime:0.003959s ]
INFO: [ view_filter ] --START--
INFO: Run Behavior\WriteHtmlCacheBehavior [ RunTime:0.000433s ]
INFO: [ view_filter ] --END-- [ RunTime:0.000466s ]
INFO: [ app_end ] --START--
INFO: Run Behavior\ShowPageTraceBehavior [ RunTime:0.000459s ]
INFO: [ app_end ] --END-- [ RunTime:0.000489s ]

[ 2017-07-26T11:11:49+08:00 ] ::1 /qiye_index/1
INFO: [ app_init ] --START--
INFO: Run Behavior\BuildLiteBehavior [ RunTime:0.000007s ]
INFO: [ app_init ] --END-- [ RunTime:0.000280s ]
INFO: [ app_begin ] --START--
INFO: Run Behavior\ReadHtmlCacheBehavior [ RunTime:0.000484s ]
INFO: [ app_begin ] --END-- [ RunTime:0.000518s ]
NOTIC: [8] Undefined index: Expires F:\disproject\wechatxcx\w1chatXcs\ThinkPHP\Library\Think\Upload\Driver\Qiniu\QiniuStorage.class.php 第 51 行.
NOTIC: [8] Undefined index: custom_fields F:\disproject\wechatxcx\w1chatXcs\ThinkPHP\Library\Think\Upload\Driver\Qiniu\QiniuStorage.class.php 第 90 行.
NOTIC: [8] Undefined index: fileName F:\disproject\wechatxcx\w1chatXcs\ThinkPHP\Library\Think\Upload\Driver\Qiniu\QiniuStorage.class.php 第 104 行.
NOTIC: [8] Undefined index: fileBody F:\disproject\wechatxcx\w1chatXcs\ThinkPHP\Library\Think\Upload\Driver\Qiniu\QiniuStorage.class.php 第 105 行.
NOTIC: [8] Array to string conversion F:\disproject\wechatxcx\w1chatXcs\ThinkPHP\Library\Think\Upload\Driver\Qiniu\QiniuStorage.class.php 第 115 行.
INFO: [ view_parse ] --START--
INFO: [ template_filter ] --START--
INFO: Run Behavior\ContentReplaceBehavior [ RunTime:0.000033s ]
INFO: [ template_filter ] --END-- [ RunTime:0.000079s ]
INFO: Run Behavior\ParseTemplateBehavior [ RunTime:0.003793s ]
INFO: [ view_parse ] --END-- [ RunTime:0.003839s ]
INFO: [ view_filter ] --START--
INFO: Run Behavior\WriteHtmlCacheBehavior [ RunTime:0.000467s ]
INFO: [ view_filter ] --END-- [ RunTime:0.000511s ]
INFO: [ app_end ] --START--
INFO: Run Behavior\ShowPageTraceBehavior [ RunTime:0.000550s ]
INFO: [ app_end ] --END-- [ RunTime:0.000575s ]

[ 2017-07-26T11:22:56+08:00 ] ::1 /qiye_index/1
INFO: [ app_init ] --START--
INFO: Run Behavior\BuildLiteBehavior [ RunTime:0.000009s ]
INFO: [ app_init ] --END-- [ RunTime:0.000307s ]
INFO: [ app_begin ] --START--
INFO: Run Behavior\ReadHtmlCacheBehavior [ RunTime:0.000467s ]
INFO: [ app_begin ] --END-- [ RunTime:0.000502s ]
INFO: [ view_parse ] --START--
INFO: [ template_filter ] --START--
INFO: Run Behavior\ContentReplaceBehavior [ RunTime:0.000025s ]
INFO: [ template_filter ] --END-- [ RunTime:0.000061s ]
INFO: Run Behavior\ParseTemplateBehavior [ RunTime:0.004169s ]
INFO: [ view_parse ] --END-- [ RunTime:0.004206s ]
INFO: [ view_filter ] --START--
INFO: Run Behavior\WriteHtmlCacheBehavior [ RunTime:0.000322s ]
INFO: [ view_filter ] --END-- [ RunTime:0.000360s ]
INFO: [ app_end ] --START--
INFO: Run Behavior\ShowPageTraceBehavior [ RunTime:0.000479s ]
INFO: [ app_end ] --END-- [ RunTime:0.000505s ]

[ 2017-07-26T11:23:07+08:00 ] ::1 /qiye_index/1
INFO: [ app_init ] --START--
INFO: Run Behavior\BuildLiteBehavior [ RunTime:0.000008s ]
INFO: [ app_init ] --END-- [ RunTime:0.000283s ]
INFO: [ app_begin ] --START--
INFO: Run Behavior\ReadHtmlCacheBehavior [ RunTime:0.000484s ]
INFO: [ app_begin ] --END-- [ RunTime:0.000522s ]
NOTIC: [2] Illegal string offset 'name' F:\disproject\wechatxcx\w1chatXcs\ThinkPHP\Library\Think\Upload.class.php 第 243 行.
NOTIC: [2] Illegal string offset 'name' F:\disproject\wechatxcx\w1chatXcs\ThinkPHP\Library\Think\Upload.class.php 第 157 行.
NOTIC: [2] Illegal string offset 'name' F:\disproject\wechatxcx\w1chatXcs\ThinkPHP\Library\Think\Upload.class.php 第 157 行.
NOTIC: [2] Illegal string offset 'key' F:\disproject\wechatxcx\w1chatXcs\ThinkPHP\Library\Think\Upload.class.php 第 159 行.
NOTIC: [2] Illegal string offset 'tmp_name' F:\disproject\wechatxcx\w1chatXcs\ThinkPHP\Library\Think\Upload.class.php 第 164 行.
NOTIC: [2] finfo_file(n): failed to open stream: No such file or directory F:\disproject\wechatxcx\w1chatXcs\ThinkPHP\Library\Think\Upload.class.php 第 164 行.
NOTIC: [2] Illegal string offset 'type' F:\disproject\wechatxcx\w1chatXcs\ThinkPHP\Library\Think\Upload.class.php 第 164 行.
NOTIC: [2] Illegal string offset 'name' F:\disproject\wechatxcx\w1chatXcs\ThinkPHP\Library\Think\Upload.class.php 第 168 行.
NOTIC: [2] Illegal string offset 'ext' F:\disproject\wechatxcx\w1chatXcs\ThinkPHP\Library\Think\Upload.class.php 第 168 行.
NOTIC: [2] Illegal string offset 'error' F:\disproject\wechatxcx\w1chatXcs\ThinkPHP\Library\Think\Upload.class.php 第 284 行.
NOTIC: [2] Illegal string offset 'error' F:\disproject\wechatxcx\w1chatXcs\ThinkPHP\Library\Think\Upload.class.php 第 285 行.
NOTIC: [2] Illegal string offset 'name' F:\disproject\wechatxcx\w1chatXcs\ThinkPHP\Library\Think\Upload.class.php 第 157 行.
NOTIC: [2] Illegal string offset 'name' F:\disproject\wechatxcx\w1chatXcs\ThinkPHP\Library\Think\Upload.class.php 第 157 行.
NOTIC: [2] Illegal string offset 'key' F:\disproject\wechatxcx\w1chatXcs\ThinkPHP\Library\Think\Upload.class.php 第 159 行.
NOTIC: [2] Illegal string offset 'tmp_name' F:\disproject\wechatxcx\w1chatXcs\ThinkPHP\Library\Think\Upload.class.php 第 164 行.
NOTIC: [2] finfo_file(t): failed to open stream: No such file or directory F:\disproject\wechatxcx\w1chatXcs\ThinkPHP\Library\Think\Upload.class.php 第 164 行.
NOTIC: [2] Illegal string offset 'type' F:\disproject\wechatxcx\w1chatXcs\ThinkPHP\Library\Think\Upload.class.php 第 164 行.
NOTIC: [2] Illegal string offset 'name' F:\disproject\wechatxcx\w1chatXcs\ThinkPHP\Library\Think\Upload.class.php 第 168 行.
NOTIC: [2] Illegal string offset 'ext' F:\disproject\wechatxcx\w1chatXcs\ThinkPHP\Library\Think\Upload.class.php 第 168 行.
NOTIC: [2] Illegal string offset 'error' F:\disproject\wechatxcx\w1chatXcs\ThinkPHP\Library\Think\Upload.class.php 第 284 行.
NOTIC: [2] Illegal string offset 'error' F:\disproject\wechatxcx\w1chatXcs\ThinkPHP\Library\Think\Upload.class.php 第 285 行.
NOTIC: [2] Illegal string offset 'name' F:\disproject\wechatxcx\w1chatXcs\ThinkPHP\Library\Think\Upload.class.php 第 157 行.
NOTIC: [2] Illegal string offset 'name' F:\disproject\wechatxcx\w1chatXcs\ThinkPHP\Library\Think\Upload.class.php 第 157 行.
NOTIC: [2] Illegal string offset 'key' F:\disproject\wechatxcx\w1chatXcs\ThinkPHP\Library\Think\Upload.class.php 第 159 行.
NOTIC: [2] Illegal string offset 'tmp_name' F:\disproject\wechatxcx\w1chatXcs\ThinkPHP\Library\Think\Upload.class.php 第 164 行.
NOTIC: [2] finfo_file(t): failed to open stream: No such file or directory F:\disproject\wechatxcx\w1chatXcs\ThinkPHP\Library\Think\Upload.class.php 第 164 行.
NOTIC: [2] Illegal string offset 'type' F:\disproject\wechatxcx\w1chatXcs\ThinkPHP\Library\Think\Upload.class.php 第 164 行.
NOTIC: [2] Illegal string offset 'name' F:\disproject\wechatxcx\w1chatXcs\ThinkPHP\Library\Think\Upload.class.php 第 168 行.
NOTIC: [2] Illegal string offset 'ext' F:\disproject\wechatxcx\w1chatXcs\ThinkPHP\Library\Think\Upload.class.php 第 168 行.
NOTIC: [2] Illegal string offset 'error' F:\disproject\wechatxcx\w1chatXcs\ThinkPHP\Library\Think\Upload.class.php 第 284 行.
NOTIC: [2] Illegal string offset 'error' F:\disproject\wechatxcx\w1chatXcs\ThinkPHP\Library\Think\Upload.class.php 第 285 行.
NOTIC: [2] Cannot use a scalar value as an array F:\disproject\wechatxcx\w1chatXcs\ThinkPHP\Library\Think\Upload.class.php 第 157 行.
NOTIC: [2] Cannot use a scalar value as an array F:\disproject\wechatxcx\w1chatXcs\ThinkPHP\Library\Think\Upload.class.php 第 159 行.
NOTIC: [2] finfo_file(): Empty filename or path F:\disproject\wechatxcx\w1chatXcs\ThinkPHP\Library\Think\Upload.class.php 第 164 行.
NOTIC: [2] Cannot use a scalar value as an array F:\disproject\wechatxcx\w1chatXcs\ThinkPHP\Library\Think\Upload.class.php 第 164 行.
NOTIC: [2] Cannot use a scalar value as an array F:\disproject\wechatxcx\w1chatXcs\ThinkPHP\Library\Think\Upload.class.php 第 168 行.
NOTIC: [2] Cannot use a scalar value as an array F:\disproject\wechatxcx\w1chatXcs\ThinkPHP\Library\Think\Upload.class.php 第 157 行.
NOTIC: [2] Cannot use a scalar value as an array F:\disproject\wechatxcx\w1chatXcs\ThinkPHP\Library\Think\Upload.class.php 第 159 行.
NOTIC: [2] finfo_file(): Empty filename or path F:\disproject\wechatxcx\w1chatXcs\ThinkPHP\Library\Think\Upload.class.php 第 164 行.
NOTIC: [2] Cannot use a scalar value as an array F:\disproject\wechatxcx\w1chatXcs\ThinkPHP\Library\Think\Upload.class.php 第 164 行.
NOTIC: [2] Cannot use a scalar value as an array F:\disproject\wechatxcx\w1chatXcs\ThinkPHP\Library\Think\Upload.class.php 第 168 行.
INFO: [ view_parse ] --START--
INFO: [ template_filter ] --START--
INFO: Run Behavior\ContentReplaceBehavior [ RunTime:0.000021s ]
INFO: [ template_filter ] --END-- [ RunTime:0.000050s ]
INFO: Run Behavior\ParseTemplateBehavior [ RunTime:0.003697s ]
INFO: [ view_parse ] --END-- [ RunTime:0.003729s ]
INFO: [ view_filter ] --START--
INFO: Run Behavior\WriteHtmlCacheBehavior [ RunTime:0.000264s ]
INFO: [ view_filter ] --END-- [ RunTime:0.000287s ]
INFO: [ app_end ] --START--
INFO: Run Behavior\ShowPageTraceBehavior [ RunTime:0.000419s ]
INFO: [ app_end ] --END-- [ RunTime:0.000446s ]

[ 2017-07-26T11:24:18+08:00 ] ::1 /qiye_index/1
INFO: [ app_init ] --START--
INFO: Run Behavior\BuildLiteBehavior [ RunTime:0.000009s ]
INFO: [ app_init ] --END-- [ RunTime:0.000272s ]
INFO: [ app_begin ] --START--
INFO: Run Behavior\ReadHtmlCacheBehavior [ RunTime:0.000353s ]
INFO: [ app_begin ] --END-- [ RunTime:0.000395s ]
INFO: [ view_parse ] --START--
INFO: [ template_filter ] --START--
INFO: Run Behavior\ContentReplaceBehavior [ RunTime:0.000026s ]
INFO: [ template_filter ] --END-- [ RunTime:0.000065s ]
INFO: Run Behavior\ParseTemplateBehavior [ RunTime:0.004138s ]
INFO: [ view_parse ] --END-- [ RunTime:0.004183s ]
INFO: [ view_filter ] --START--
INFO: Run Behavior\WriteHtmlCacheBehavior [ RunTime:0.000210s ]
INFO: [ view_filter ] --END-- [ RunTime:0.000234s ]
INFO: [ app_end ] --START--
INFO: Run Behavior\ShowPageTraceBehavior [ RunTime:0.000331s ]
INFO: [ app_end ] --END-- [ RunTime:0.000357s ]

[ 2017-07-26T11:24:29+08:00 ] ::1 /qiye_index/1
INFO: [ app_init ] --START--
INFO: Run Behavior\BuildLiteBehavior [ RunTime:0.000008s ]
INFO: [ app_init ] --END-- [ RunTime:0.000237s ]
INFO: [ app_begin ] --START--
INFO: Run Behavior\ReadHtmlCacheBehavior [ RunTime:0.000360s ]
INFO: [ app_begin ] --END-- [ RunTime:0.000395s ]
NOTIC: [2] Illegal string offset 'name' F:\disproject\wechatxcx\w1chatXcs\ThinkPHP\Library\Think\Upload.class.php 第 243 行.
NOTIC: [2] Illegal string offset 'name' F:\disproject\wechatxcx\w1chatXcs\ThinkPHP\Library\Think\Upload.class.php 第 157 行.
NOTIC: [2] Illegal string offset 'name' F:\disproject\wechatxcx\w1chatXcs\ThinkPHP\Library\Think\Upload.class.php 第 157 行.
NOTIC: [2] Illegal string offset 'key' F:\disproject\wechatxcx\w1chatXcs\ThinkPHP\Library\Think\Upload.class.php 第 159 行.
NOTIC: [2] Illegal string offset 'tmp_name' F:\disproject\wechatxcx\w1chatXcs\ThinkPHP\Library\Think\Upload.class.php 第 164 行.
NOTIC: [2] finfo_file(n): failed to open stream: No such file or directory F:\disproject\wechatxcx\w1chatXcs\ThinkPHP\Library\Think\Upload.class.php 第 164 行.
NOTIC: [2] Illegal string offset 'type' F:\disproject\wechatxcx\w1chatXcs\ThinkPHP\Library\Think\Upload.class.php 第 164 行.
NOTIC: [2] Illegal string offset 'name' F:\disproject\wechatxcx\w1chatXcs\ThinkPHP\Library\Think\Upload.class.php 第 168 行.
NOTIC: [2] Illegal string offset 'ext' F:\disproject\wechatxcx\w1chatXcs\ThinkPHP\Library\Think\Upload.class.php 第 168 行.
NOTIC: [2] Illegal string offset 'error' F:\disproject\wechatxcx\w1chatXcs\ThinkPHP\Library\Think\Upload.class.php 第 284 行.
NOTIC: [2] Illegal string offset 'error' F:\disproject\wechatxcx\w1chatXcs\ThinkPHP\Library\Think\Upload.class.php 第 285 行.
NOTIC: [2] Illegal string offset 'name' F:\disproject\wechatxcx\w1chatXcs\ThinkPHP\Library\Think\Upload.class.php 第 157 行.
NOTIC: [2] Illegal string offset 'name' F:\disproject\wechatxcx\w1chatXcs\ThinkPHP\Library\Think\Upload.class.php 第 157 行.
NOTIC: [2] Illegal string offset 'key' F:\disproject\wechatxcx\w1chatXcs\ThinkPHP\Library\Think\Upload.class.php 第 159 行.
NOTIC: [2] Illegal string offset 'tmp_name' F:\disproject\wechatxcx\w1chatXcs\ThinkPHP\Library\Think\Upload.class.php 第 164 行.
NOTIC: [2] finfo_file(t): failed to open stream: No such file or directory F:\disproject\wechatxcx\w1chatXcs\ThinkPHP\Library\Think\Upload.class.php 第 164 行.
NOTIC: [2] Illegal string offset 'type' F:\disproject\wechatxcx\w1chatXcs\ThinkPHP\Library\Think\Upload.class.php 第 164 行.
NOTIC: [2] Illegal string offset 'name' F:\disproject\wechatxcx\w1chatXcs\ThinkPHP\Library\Think\Upload.class.php 第 168 行.
NOTIC: [2] Illegal string offset 'ext' F:\disproject\wechatxcx\w1chatXcs\ThinkPHP\Library\Think\Upload.class.php 第 168 行.
NOTIC: [2] Illegal string offset 'error' F:\disproject\wechatxcx\w1chatXcs\ThinkPHP\Library\Think\Upload.class.php 第 284 行.
NOTIC: [2] Illegal string offset 'error' F:\disproject\wechatxcx\w1chatXcs\ThinkPHP\Library\Think\Upload.class.php 第 285 行.
NOTIC: [2] Illegal string offset 'name' F:\disproject\wechatxcx\w1chatXcs\ThinkPHP\Library\Think\Upload.class.php 第 157 行.
NOTIC: [2] Illegal string offset 'name' F:\disproject\wechatxcx\w1chatXcs\ThinkPHP\Library\Think\Upload.class.php 第 157 行.
NOTIC: [2] Illegal string offset 'key' F:\disproject\wechatxcx\w1chatXcs\ThinkPHP\Library\Think\Upload.class.php 第 159 行.
NOTIC: [2] Illegal string offset 'tmp_name' F:\disproject\wechatxcx\w1chatXcs\ThinkPHP\Library\Think\Upload.class.php 第 164 行.
NOTIC: [2] finfo_file(t): failed to open stream: No such file or directory F:\disproject\wechatxcx\w1chatXcs\ThinkPHP\Library\Think\Upload.class.php 第 164 行.
NOTIC: [2] Illegal string offset 'type' F:\disproject\wechatxcx\w1chatXcs\ThinkPHP\Library\Think\Upload.class.php 第 164 行.
NOTIC: [2] Illegal string offset 'name' F:\disproject\wechatxcx\w1chatXcs\ThinkPHP\Library\Think\Upload.class.php 第 168 行.
NOTIC: [2] Illegal string offset 'ext' F:\disproject\wechatxcx\w1chatXcs\ThinkPHP\Library\Think\Upload.class.php 第 168 行.
NOTIC: [2] Illegal string offset 'error' F:\disproject\wechatxcx\w1chatXcs\ThinkPHP\Library\Think\Upload.class.php 第 284 行.
NOTIC: [2] Illegal string offset 'error' F:\disproject\wechatxcx\w1chatXcs\ThinkPHP\Library\Think\Upload.class.php 第 285 行.
NOTIC: [2] Cannot use a scalar value as an array F:\disproject\wechatxcx\w1chatXcs\ThinkPHP\Library\Think\Upload.class.php 第 157 行.
NOTIC: [2] Cannot use a scalar value as an array F:\disproject\wechatxcx\w1chatXcs\ThinkPHP\Library\Think\Upload.class.php 第 159 行.
NOTIC: [2] finfo_file(): Empty filename or path F:\disproject\wechatxcx\w1chatXcs\ThinkPHP\Library\Think\Upload.class.php 第 164 行.
NOTIC: [2] Cannot use a scalar value as an array F:\disproject\wechatxcx\w1chatXcs\ThinkPHP\Library\Think\Upload.class.php 第 164 行.
NOTIC: [2] Cannot use a scalar value as an array F:\disproject\wechatxcx\w1chatXcs\ThinkPHP\Library\Think\Upload.class.php 第 168 行.
NOTIC: [2] Cannot use a scalar value as an array F:\disproject\wechatxcx\w1chatXcs\ThinkPHP\Library\Think\Upload.class.php 第 157 行.
NOTIC: [2] Cannot use a scalar value as an array F:\disproject\wechatxcx\w1chatXcs\ThinkPHP\Library\Think\Upload.class.php 第 159 行.
NOTIC: [2] finfo_file(): Empty filename or path F:\disproject\wechatxcx\w1chatXcs\ThinkPHP\Library\Think\Upload.class.php 第 164 行.
NOTIC: [2] Cannot use a scalar value as an array F:\disproject\wechatxcx\w1chatXcs\ThinkPHP\Library\Think\Upload.class.php 第 164 行.
NOTIC: [2] Cannot use a scalar value as an array F:\disproject\wechatxcx\w1chatXcs\ThinkPHP\Library\Think\Upload.class.php 第 168 行.
INFO: [ view_parse ] --START--
INFO: [ template_filter ] --START--
INFO: Run Behavior\ContentReplaceBehavior [ RunTime:0.000028s ]
INFO: [ template_filter ] --END-- [ RunTime:0.000070s ]
INFO: Run Behavior\ParseTemplateBehavior [ RunTime:0.003708s ]
INFO: [ view_parse ] --END-- [ RunTime:0.003746s ]
INFO: [ view_filter ] --START--
INFO: Run Behavior\WriteHtmlCacheBehavior [ RunTime:0.000644s ]
INFO: [ view_filter ] --END-- [ RunTime:0.000692s ]
INFO: [ app_end ] --START--
INFO: Run Behavior\ShowPageTraceBehavior [ RunTime:0.000542s ]
INFO: [ app_end ] --END-- [ RunTime:0.000565s ]

[ 2017-07-26T11:24:56+08:00 ] ::1 /qiye_index/1
INFO: [ app_init ] --START--
INFO: Run Behavior\BuildLiteBehavior [ RunTime:0.000009s ]
INFO: [ app_init ] --END-- [ RunTime:0.000266s ]
INFO: [ app_begin ] --START--
INFO: Run Behavior\ReadHtmlCacheBehavior [ RunTime:0.000426s ]
INFO: [ app_begin ] --END-- [ RunTime:0.000467s ]
NOTIC: [2] Illegal string offset 'name' F:\disproject\wechatxcx\w1chatXcs\ThinkPHP\Library\Think\Upload.class.php 第 243 行.
NOTIC: [2] Illegal string offset 'name' F:\disproject\wechatxcx\w1chatXcs\ThinkPHP\Library\Think\Upload.class.php 第 157 行.
NOTIC: [2] Illegal string offset 'name' F:\disproject\wechatxcx\w1chatXcs\ThinkPHP\Library\Think\Upload.class.php 第 157 行.
NOTIC: [2] Illegal string offset 'key' F:\disproject\wechatxcx\w1chatXcs\ThinkPHP\Library\Think\Upload.class.php 第 159 行.
NOTIC: [2] Illegal string offset 'tmp_name' F:\disproject\wechatxcx\w1chatXcs\ThinkPHP\Library\Think\Upload.class.php 第 164 行.
NOTIC: [2] finfo_file(n): failed to open stream: No such file or directory F:\disproject\wechatxcx\w1chatXcs\ThinkPHP\Library\Think\Upload.class.php 第 164 行.
NOTIC: [2] Illegal string offset 'type' F:\disproject\wechatxcx\w1chatXcs\ThinkPHP\Library\Think\Upload.class.php 第 164 行.
NOTIC: [2] Illegal string offset 'name' F:\disproject\wechatxcx\w1chatXcs\ThinkPHP\Library\Think\Upload.class.php 第 168 行.
NOTIC: [2] Illegal string offset 'ext' F:\disproject\wechatxcx\w1chatXcs\ThinkPHP\Library\Think\Upload.class.php 第 168 行.
NOTIC: [2] Illegal string offset 'error' F:\disproject\wechatxcx\w1chatXcs\ThinkPHP\Library\Think\Upload.class.php 第 284 行.
NOTIC: [2] Illegal string offset 'error' F:\disproject\wechatxcx\w1chatXcs\ThinkPHP\Library\Think\Upload.class.php 第 285 行.
NOTIC: [2] Illegal string offset 'name' F:\disproject\wechatxcx\w1chatXcs\ThinkPHP\Library\Think\Upload.class.php 第 157 行.
NOTIC: [2] Illegal string offset 'name' F:\disproject\wechatxcx\w1chatXcs\ThinkPHP\Library\Think\Upload.class.php 第 157 行.
NOTIC: [2] Illegal string offset 'key' F:\disproject\wechatxcx\w1chatXcs\ThinkPHP\Library\Think\Upload.class.php 第 159 行.
NOTIC: [2] Illegal string offset 'tmp_name' F:\disproject\wechatxcx\w1chatXcs\ThinkPHP\Library\Think\Upload.class.php 第 164 行.
NOTIC: [2] finfo_file(t): failed to open stream: No such file or directory F:\disproject\wechatxcx\w1chatXcs\ThinkPHP\Library\Think\Upload.class.php 第 164 行.
NOTIC: [2] Illegal string offset 'type' F:\disproject\wechatxcx\w1chatXcs\ThinkPHP\Library\Think\Upload.class.php 第 164 行.
NOTIC: [2] Illegal string offset 'name' F:\disproject\wechatxcx\w1chatXcs\ThinkPHP\Library\Think\Upload.class.php 第 168 行.
NOTIC: [2] Illegal string offset 'ext' F:\disproject\wechatxcx\w1chatXcs\ThinkPHP\Library\Think\Upload.class.php 第 168 行.
NOTIC: [2] Illegal string offset 'error' F:\disproject\wechatxcx\w1chatXcs\ThinkPHP\Library\Think\Upload.class.php 第 284 行.
NOTIC: [2] Illegal string offset 'error' F:\disproject\wechatxcx\w1chatXcs\ThinkPHP\Library\Think\Upload.class.php 第 285 行.
NOTIC: [2] Illegal string offset 'name' F:\disproject\wechatxcx\w1chatXcs\ThinkPHP\Library\Think\Upload.class.php 第 157 行.
NOTIC: [2] Illegal string offset 'name' F:\disproject\wechatxcx\w1chatXcs\ThinkPHP\Library\Think\Upload.class.php 第 157 行.
NOTIC: [2] Illegal string offset 'key' F:\disproject\wechatxcx\w1chatXcs\ThinkPHP\Library\Think\Upload.class.php 第 159 行.
NOTIC: [2] Illegal string offset 'tmp_name' F:\disproject\wechatxcx\w1chatXcs\ThinkPHP\Library\Think\Upload.class.php 第 164 行.
NOTIC: [2] finfo_file(t): failed to open stream: No such file or directory F:\disproject\wechatxcx\w1chatXcs\ThinkPHP\Library\Think\Upload.class.php 第 164 行.
NOTIC: [2] Illegal string offset 'type' F:\disproject\wechatxcx\w1chatXcs\ThinkPHP\Library\Think\Upload.class.php 第 164 行.
NOTIC: [2] Illegal string offset 'name' F:\disproject\wechatxcx\w1chatXcs\ThinkPHP\Library\Think\Upload.class.php 第 168 行.
NOTIC: [2] Illegal string offset 'ext' F:\disproject\wechatxcx\w1chatXcs\ThinkPHP\Library\Think\Upload.class.php 第 168 行.
NOTIC: [2] Illegal string offset 'error' F:\disproject\wechatxcx\w1chatXcs\ThinkPHP\Library\Think\Upload.class.php 第 284 行.
NOTIC: [2] Illegal string offset 'error' F:\disproject\wechatxcx\w1chatXcs\ThinkPHP\Library\Think\Upload.class.php 第 285 行.
NOTIC: [2] Cannot use a scalar value as an array F:\disproject\wechatxcx\w1chatXcs\ThinkPHP\Library\Think\Upload.class.php 第 157 行.
NOTIC: [2] Cannot use a scalar value as an array F:\disproject\wechatxcx\w1chatXcs\ThinkPHP\Library\Think\Upload.class.php 第 159 行.
NOTIC: [2] finfo_file(): Empty filename or path F:\disproject\wechatxcx\w1chatXcs\ThinkPHP\Library\Think\Upload.class.php 第 164 行.
NOTIC: [2] Cannot use a scalar value as an array F:\disproject\wechatxcx\w1chatXcs\ThinkPHP\Library\Think\Upload.class.php 第 164 行.
NOTIC: [2] Cannot use a scalar value as an array F:\disproject\wechatxcx\w1chatXcs\ThinkPHP\Library\Think\Upload.class.php 第 168 行.
NOTIC: [2] Cannot use a scalar value as an array F:\disproject\wechatxcx\w1chatXcs\ThinkPHP\Library\Think\Upload.class.php 第 157 行.
NOTIC: [2] Cannot use a scalar value as an array F:\disproject\wechatxcx\w1chatXcs\ThinkPHP\Library\Think\Upload.class.php 第 159 行.
NOTIC: [2] finfo_file(): Empty filename or path F:\disproject\wechatxcx\w1chatXcs\ThinkPHP\Library\Think\Upload.class.php 第 164 行.
NOTIC: [2] Cannot use a scalar value as an array F:\disproject\wechatxcx\w1chatXcs\ThinkPHP\Library\Think\Upload.class.php 第 164 行.
NOTIC: [2] Cannot use a scalar value as an array F:\disproject\wechatxcx\w1chatXcs\ThinkPHP\Library\Think\Upload.class.php 第 168 行.
INFO: [ view_parse ] --START--
INFO: [ template_filter ] --START--
INFO: Run Behavior\ContentReplaceBehavior [ RunTime:0.000021s ]
INFO: [ template_filter ] --END-- [ RunTime:0.000051s ]
INFO: Run Behavior\ParseTemplateBehavior [ RunTime:0.003202s ]
INFO: [ view_parse ] --END-- [ RunTime:0.003232s ]
INFO: [ view_filter ] --START--
INFO: Run Behavior\WriteHtmlCacheBehavior [ RunTime:0.000219s ]
INFO: [ view_filter ] --END-- [ RunTime:0.000241s ]
INFO: [ app_end ] --START--
INFO: Run Behavior\ShowPageTraceBehavior [ RunTime:0.000513s ]
INFO: [ app_end ] --END-- [ RunTime:0.000539s ]

[ 2017-07-26T11:26:25+08:00 ] ::1 /qiye_index/1
INFO: [ app_init ] --START--
INFO: Run Behavior\BuildLiteBehavior [ RunTime:0.000008s ]
INFO: [ app_init ] --END-- [ RunTime:0.000300s ]
INFO: [ app_begin ] --START--
INFO: Run Behavior\ReadHtmlCacheBehavior [ RunTime:0.000555s ]
INFO: [ app_begin ] --END-- [ RunTime:0.000594s ]
INFO: [ view_parse ] --START--
INFO: [ template_filter ] --START--
INFO: Run Behavior\ContentReplaceBehavior [ RunTime:0.000024s ]
INFO: [ template_filter ] --END-- [ RunTime:0.000072s ]
INFO: Run Behavior\ParseTemplateBehavior [ RunTime:0.004322s ]
INFO: [ view_parse ] --END-- [ RunTime:0.004354s ]
INFO: [ view_filter ] --START--
INFO: Run Behavior\WriteHtmlCacheBehavior [ RunTime:0.000346s ]
INFO: [ view_filter ] --END-- [ RunTime:0.000369s ]
INFO: [ app_end ] --START--
INFO: Run Behavior\ShowPageTraceBehavior [ RunTime:0.000503s ]
INFO: [ app_end ] --END-- [ RunTime:0.000528s ]

[ 2017-07-26T11:26:36+08:00 ] ::1 /qiye_index/1
INFO: [ app_init ] --START--
INFO: Run Behavior\BuildLiteBehavior [ RunTime:0.000009s ]
INFO: [ app_init ] --END-- [ RunTime:0.000295s ]
INFO: [ app_begin ] --START--
INFO: Run Behavior\ReadHtmlCacheBehavior [ RunTime:0.000315s ]
INFO: [ app_begin ] --END-- [ RunTime:0.000364s ]
NOTIC: [2] call_user_func() expects parameter 1 to be a valid callback, no array or string given F:\disproject\wechatxcx\w1chatXcs\ThinkPHP\Library\Think\Upload.class.php 第 182 行.
NOTIC: [8] Undefined index: Expires F:\disproject\wechatxcx\w1chatXcs\ThinkPHP\Library\Think\Upload\Driver\Qiniu\QiniuStorage.class.php 第 51 行.
NOTIC: [8] Undefined index: saveName F:\disproject\wechatxcx\w1chatXcs\ThinkPHP\Library\Think\Upload\Driver\Qiniu\QiniuStorage.class.php 第 87 行.
NOTIC: [8] Undefined index: custom_fields F:\disproject\wechatxcx\w1chatXcs\ThinkPHP\Library\Think\Upload\Driver\Qiniu\QiniuStorage.class.php 第 90 行.
INFO: [ view_parse ] --START--
INFO: [ template_filter ] --START--
INFO: Run Behavior\ContentReplaceBehavior [ RunTime:0.000021s ]
INFO: [ template_filter ] --END-- [ RunTime:0.000050s ]
INFO: Run Behavior\ParseTemplateBehavior [ RunTime:0.003133s ]
INFO: [ view_parse ] --END-- [ RunTime:0.003168s ]
INFO: [ view_filter ] --START--
INFO: Run Behavior\WriteHtmlCacheBehavior [ RunTime:0.000235s ]
INFO: [ view_filter ] --END-- [ RunTime:0.000258s ]
INFO: [ app_end ] --START--
INFO: Run Behavior\ShowPageTraceBehavior [ RunTime:0.000482s ]
INFO: [ app_end ] --END-- [ RunTime:0.000508s ]

[ 2017-07-26T11:31:50+08:00 ] ::1 /qiye_index/1
INFO: [ app_init ] --START--
INFO: Run Behavior\BuildLiteBehavior [ RunTime:0.000008s ]
INFO: [ app_init ] --END-- [ RunTime:0.000381s ]
INFO: [ app_begin ] --START--
INFO: Run Behavior\ReadHtmlCacheBehavior [ RunTime:0.000512s ]
INFO: [ app_begin ] --END-- [ RunTime:0.000545s ]
INFO: [ view_parse ] --START--
INFO: [ template_filter ] --START--
INFO: Run Behavior\ContentReplaceBehavior [ RunTime:0.000022s ]
INFO: [ template_filter ] --END-- [ RunTime:0.000052s ]
INFO: Run Behavior\ParseTemplateBehavior [ RunTime:0.003583s ]
INFO: [ view_parse ] --END-- [ RunTime:0.003616s ]
INFO: [ view_filter ] --START--
INFO: Run Behavior\WriteHtmlCacheBehavior [ RunTime:0.000260s ]
INFO: [ view_filter ] --END-- [ RunTime:0.000285s ]
INFO: [ app_end ] --START--
INFO: Run Behavior\ShowPageTraceBehavior [ RunTime:0.000470s ]
INFO: [ app_end ] --END-- [ RunTime:0.000496s ]

[ 2017-07-26T11:31:58+08:00 ] ::1 /qiye_index/1
INFO: [ app_init ] --START--
INFO: Run Behavior\BuildLiteBehavior [ RunTime:0.000009s ]
INFO: [ app_init ] --END-- [ RunTime:0.000384s ]
INFO: [ app_begin ] --START--
INFO: Run Behavior\ReadHtmlCacheBehavior [ RunTime:0.000584s ]
INFO: [ app_begin ] --END-- [ RunTime:0.000622s ]
NOTIC: [8] Undefined index: Expires F:\disproject\wechatxcx\w1chatXcs\ThinkPHP\Library\Think\Upload\Driver\Qiniu\QiniuStorage.class.php 第 51 行.
NOTIC: [8] Undefined index: saveName F:\disproject\wechatxcx\w1chatXcs\ThinkPHP\Library\Think\Upload\Driver\Qiniu\QiniuStorage.class.php 第 87 行.
NOTIC: [8] Undefined index: fileName F:\disproject\wechatxcx\w1chatXcs\ThinkPHP\Library\Think\Upload\Driver\Qiniu\QiniuStorage.class.php 第 87 行.
NOTIC: [8] Undefined index: custom_fields F:\disproject\wechatxcx\w1chatXcs\ThinkPHP\Library\Think\Upload\Driver\Qiniu\QiniuStorage.class.php 第 90 行.
NOTIC: [8] Undefined index: name F:\disproject\wechatxcx\w1chatXcs\ThinkPHP\Library\Think\Upload\Driver\Qiniu\QiniuStorage.class.php 第 103 行.
NOTIC: [8] Undefined index: fileName F:\disproject\wechatxcx\w1chatXcs\ThinkPHP\Library\Think\Upload\Driver\Qiniu\QiniuStorage.class.php 第 104 行.
NOTIC: [8] Undefined index: fileBody F:\disproject\wechatxcx\w1chatXcs\ThinkPHP\Library\Think\Upload\Driver\Qiniu\QiniuStorage.class.php 第 105 行.
INFO: [ view_parse ] --START--
INFO: [ template_filter ] --START--
INFO: Run Behavior\ContentReplaceBehavior [ RunTime:0.000021s ]
INFO: [ template_filter ] --END-- [ RunTime:0.000051s ]
INFO: Run Behavior\ParseTemplateBehavior [ RunTime:0.003990s ]
INFO: [ view_parse ] --END-- [ RunTime:0.004025s ]
INFO: [ view_filter ] --START--
INFO: Run Behavior\WriteHtmlCacheBehavior [ RunTime:0.000263s ]
INFO: [ view_filter ] --END-- [ RunTime:0.000285s ]
INFO: [ app_end ] --START--
INFO: Run Behavior\ShowPageTraceBehavior [ RunTime:0.000384s ]
INFO: [ app_end ] --END-- [ RunTime:0.000408s ]

[ 2017-07-26T11:32:11+08:00 ] ::1 /qiye_index/1
INFO: [ app_init ] --START--
INFO: Run Behavior\BuildLiteBehavior [ RunTime:0.000009s ]
INFO: [ app_init ] --END-- [ RunTime:0.000237s ]
INFO: [ app_begin ] --START--
INFO: Run Behavior\ReadHtmlCacheBehavior [ RunTime:0.000415s ]
INFO: [ app_begin ] --END-- [ RunTime:0.000447s ]
INFO: [ view_parse ] --START--
INFO: [ template_filter ] --START--
INFO: Run Behavior\ContentReplaceBehavior [ RunTime:0.000020s ]
INFO: [ template_filter ] --END-- [ RunTime:0.000048s ]
INFO: Run Behavior\ParseTemplateBehavior [ RunTime:0.002990s ]
INFO: [ view_parse ] --END-- [ RunTime:0.003021s ]
INFO: [ view_filter ] --START--
INFO: Run Behavior\WriteHtmlCacheBehavior [ RunTime:0.000161s ]
INFO: [ view_filter ] --END-- [ RunTime:0.000183s ]
INFO: [ app_end ] --START--
INFO: Run Behavior\ShowPageTraceBehavior [ RunTime:0.000408s ]
INFO: [ app_end ] --END-- [ RunTime:0.000431s ]

[ 2017-07-26T11:32:17+08:00 ] ::1 /qiye_index/1
INFO: [ app_init ] --START--
INFO: Run Behavior\BuildLiteBehavior [ RunTime:0.000008s ]
INFO: [ app_init ] --END-- [ RunTime:0.000232s ]
INFO: [ app_begin ] --START--
INFO: Run Behavior\ReadHtmlCacheBehavior [ RunTime:0.000391s ]
INFO: [ app_begin ] --END-- [ RunTime:0.000447s ]
NOTIC: [2] call_user_func() expects parameter 1 to be a valid callback, no array or string given F:\disproject\wechatxcx\w1chatXcs\ThinkPHP\Library\Think\Upload.class.php 第 182 行.
NOTIC: [8] Undefined index: Expires F:\disproject\wechatxcx\w1chatXcs\ThinkPHP\Library\Think\Upload\Driver\Qiniu\QiniuStorage.class.php 第 51 行.
NOTIC: [8] Undefined index: saveName F:\disproject\wechatxcx\w1chatXcs\ThinkPHP\Library\Think\Upload\Driver\Qiniu\QiniuStorage.class.php 第 87 行.
NOTIC: [8] Undefined index: custom_fields F:\disproject\wechatxcx\w1chatXcs\ThinkPHP\Library\Think\Upload\Driver\Qiniu\QiniuStorage.class.php 第 90 行.
INFO: [ view_parse ] --START--
INFO: [ template_filter ] --START--
INFO: Run Behavior\ContentReplaceBehavior [ RunTime:0.000020s ]
INFO: [ template_filter ] --END-- [ RunTime:0.000050s ]
INFO: Run Behavior\ParseTemplateBehavior [ RunTime:0.003322s ]
INFO: [ view_parse ] --END-- [ RunTime:0.003356s ]
INFO: [ view_filter ] --START--
INFO: Run Behavior\WriteHtmlCacheBehavior [ RunTime:0.000162s ]
INFO: [ view_filter ] --END-- [ RunTime:0.000185s ]
INFO: [ app_end ] --START--
INFO: Run Behavior\ShowPageTraceBehavior [ RunTime:0.000290s ]
INFO: [ app_end ] --END-- [ RunTime:0.000315s ]

[ 2017-07-26T11:44:18+08:00 ] ::1 /qiye_index/1
INFO: [ app_init ] --START--
INFO: Run Behavior\BuildLiteBehavior [ RunTime:0.000008s ]
INFO: [ app_init ] --END-- [ RunTime:0.000284s ]
INFO: [ app_begin ] --START--
INFO: Run Behavior\ReadHtmlCacheBehavior [ RunTime:0.000507s ]
INFO: [ app_begin ] --END-- [ RunTime:0.000539s ]
INFO: [ view_parse ] --START--
INFO: [ template_filter ] --START--
INFO: Run Behavior\ContentReplaceBehavior [ RunTime:0.000022s ]
INFO: [ template_filter ] --END-- [ RunTime:0.000051s ]
INFO: Run Behavior\ParseTemplateBehavior [ RunTime:0.003658s ]
INFO: [ view_parse ] --END-- [ RunTime:0.003691s ]
INFO: [ view_filter ] --START--
INFO: Run Behavior\WriteHtmlCacheBehavior [ RunTime:0.000307s ]
INFO: [ view_filter ] --END-- [ RunTime:0.000330s ]
INFO: [ app_end ] --START--
INFO: Run Behavior\ShowPageTraceBehavior [ RunTime:0.000502s ]
INFO: [ app_end ] --END-- [ RunTime:0.000527s ]

[ 2017-07-26T11:44:25+08:00 ] ::1 /qiye_index/1
INFO: [ app_init ] --START--
INFO: Run Behavior\BuildLiteBehavior [ RunTime:0.000009s ]
INFO: [ app_init ] --END-- [ RunTime:0.000326s ]
INFO: [ app_begin ] --START--
INFO: Run Behavior\ReadHtmlCacheBehavior [ RunTime:0.000528s ]
INFO: [ app_begin ] --END-- [ RunTime:0.000570s ]
NOTIC: [8] Undefined index: Expires F:\disproject\wechatxcx\w1chatXcs\ThinkPHP\Library\Think\Upload\Driver\Qiniu\QiniuStorage.class.php 第 51 行.
NOTIC: [8] Undefined index: saveName F:\disproject\wechatxcx\w1chatXcs\ThinkPHP\Library\Think\Upload\Driver\Qiniu\QiniuStorage.class.php 第 87 行.
NOTIC: [8] Undefined index: fileName F:\disproject\wechatxcx\w1chatXcs\ThinkPHP\Library\Think\Upload\Driver\Qiniu\QiniuStorage.class.php 第 87 行.
NOTIC: [8] Undefined index: custom_fields F:\disproject\wechatxcx\w1chatXcs\ThinkPHP\Library\Think\Upload\Driver\Qiniu\QiniuStorage.class.php 第 90 行.
NOTIC: [8] Undefined index: name F:\disproject\wechatxcx\w1chatXcs\ThinkPHP\Library\Think\Upload\Driver\Qiniu\QiniuStorage.class.php 第 103 行.
NOTIC: [8] Undefined index: fileName F:\disproject\wechatxcx\w1chatXcs\ThinkPHP\Library\Think\Upload\Driver\Qiniu\QiniuStorage.class.php 第 104 行.
NOTIC: [8] Undefined index: fileBody F:\disproject\wechatxcx\w1chatXcs\ThinkPHP\Library\Think\Upload\Driver\Qiniu\QiniuStorage.class.php 第 105 行.
INFO: [ view_parse ] --START--
INFO: [ template_filter ] --START--
INFO: Run Behavior\ContentReplaceBehavior [ RunTime:0.000021s ]
INFO: [ template_filter ] --END-- [ RunTime:0.000052s ]
INFO: Run Behavior\ParseTemplateBehavior [ RunTime:0.003967s ]
INFO: [ view_parse ] --END-- [ RunTime:0.004017s ]
INFO: [ view_filter ] --START--
INFO: Run Behavior\WriteHtmlCacheBehavior [ RunTime:0.000284s ]
INFO: [ view_filter ] --END-- [ RunTime:0.000307s ]
INFO: [ app_end ] --START--
INFO: Run Behavior\ShowPageTraceBehavior [ RunTime:0.000385s ]
INFO: [ app_end ] --END-- [ RunTime:0.000409s ]

[ 2017-07-26T11:48:52+08:00 ] ::1 /qiye_index/1
INFO: [ app_init ] --START--
INFO: Run Behavior\BuildLiteBehavior [ RunTime:0.000009s ]
INFO: [ app_init ] --END-- [ RunTime:0.000339s ]
INFO: [ app_begin ] --START--
INFO: Run Behavior\ReadHtmlCacheBehavior [ RunTime:0.000538s ]
INFO: [ app_begin ] --END-- [ RunTime:0.000581s ]
INFO: [ view_parse ] --START--
INFO: [ template_filter ] --START--
INFO: Run Behavior\ContentReplaceBehavior [ RunTime:0.000025s ]
INFO: [ template_filter ] --END-- [ RunTime:0.000061s ]
INFO: Run Behavior\ParseTemplateBehavior [ RunTime:0.017008s ]
INFO: [ view_parse ] --END-- [ RunTime:0.017048s ]
INFO: [ view_filter ] --START--
INFO: Run Behavior\WriteHtmlCacheBehavior [ RunTime:0.000564s ]
INFO: [ view_filter ] --END-- [ RunTime:0.000593s ]
INFO: [ app_end ] --START--
INFO: Run Behavior\ShowPageTraceBehavior [ RunTime:0.001476s ]
INFO: [ app_end ] --END-- [ RunTime:0.001510s ]

[ 2017-07-26T11:48:59+08:00 ] ::1 /qiye_index/1
INFO: [ app_init ] --START--
INFO: Run Behavior\BuildLiteBehavior [ RunTime:0.000008s ]
INFO: [ app_init ] --END-- [ RunTime:0.000280s ]
INFO: [ app_begin ] --START--
INFO: Run Behavior\ReadHtmlCacheBehavior [ RunTime:0.000478s ]
INFO: [ app_begin ] --END-- [ RunTime:0.000520s ]
NOTIC: [8] Undefined index: savepath F:\disproject\wechatxcx\w1chatXcs\ThinkPHP\Library\Think\Upload\Driver\Qiniu.class.php 第 88 行.
NOTIC: [8] Undefined index: savename F:\disproject\wechatxcx\w1chatXcs\ThinkPHP\Library\Think\Upload\Driver\Qiniu.class.php 第 88 行.
NOTIC: [8] Undefined index: Expires F:\disproject\wechatxcx\w1chatXcs\ThinkPHP\Library\Think\Upload\Driver\Qiniu\QiniuStorage.class.php 第 51 行.
NOTIC: [8] Undefined index: saveName F:\disproject\wechatxcx\w1chatXcs\ThinkPHP\Library\Think\Upload\Driver\Qiniu\QiniuStorage.class.php 第 87 行.
NOTIC: [8] Undefined index: custom_fields F:\disproject\wechatxcx\w1chatXcs\ThinkPHP\Library\Think\Upload\Driver\Qiniu\QiniuStorage.class.php 第 90 行.
INFO: [ view_parse ] --START--
INFO: [ template_filter ] --START--
INFO: Run Behavior\ContentReplaceBehavior [ RunTime:0.000021s ]
INFO: [ template_filter ] --END-- [ RunTime:0.000050s ]
INFO: Run Behavior\ParseTemplateBehavior [ RunTime:0.003704s ]
INFO: [ view_parse ] --END-- [ RunTime:0.003745s ]
INFO: [ view_filter ] --START--
INFO: Run Behavior\WriteHtmlCacheBehavior [ RunTime:0.000263s ]
INFO: [ view_filter ] --END-- [ RunTime:0.000286s ]
INFO: [ app_end ] --START--
INFO: Run Behavior\ShowPageTraceBehavior [ RunTime:0.000474s ]
INFO: [ app_end ] --END-- [ RunTime:0.000499s ]

[ 2017-07-26T11:49:31+08:00 ] ::1 /qiye_index/1
INFO: [ app_init ] --START--
INFO: Run Behavior\BuildLiteBehavior [ RunTime:0.000009s ]
INFO: [ app_init ] --END-- [ RunTime:0.000244s ]
INFO: [ app_begin ] --START--
INFO: Run Behavior\ReadHtmlCacheBehavior [ RunTime:0.000296s ]
INFO: [ app_begin ] --END-- [ RunTime:0.000328s ]
INFO: [ view_parse ] --START--
INFO: [ template_filter ] --START--
INFO: Run Behavior\ContentReplaceBehavior [ RunTime:0.000022s ]
INFO: [ template_filter ] --END-- [ RunTime:0.000055s ]
INFO: Run Behavior\ParseTemplateBehavior [ RunTime:0.003495s ]
INFO: [ view_parse ] --END-- [ RunTime:0.003528s ]
INFO: [ view_filter ] --START--
INFO: Run Behavior\WriteHtmlCacheBehavior [ RunTime:0.000220s ]
INFO: [ view_filter ] --END-- [ RunTime:0.000243s ]
INFO: [ app_end ] --START--
INFO: Run Behavior\ShowPageTraceBehavior [ RunTime:0.000474s ]
INFO: [ app_end ] --END-- [ RunTime:0.000499s ]

[ 2017-07-26T11:49:36+08:00 ] ::1 /qiye_index/1
INFO: [ app_init ] --START--
INFO: Run Behavior\BuildLiteBehavior [ RunTime:0.000009s ]
INFO: [ app_init ] --END-- [ RunTime:0.000279s ]
INFO: [ app_begin ] --START--
INFO: Run Behavior\ReadHtmlCacheBehavior [ RunTime:0.000312s ]
INFO: [ app_begin ] --END-- [ RunTime:0.000344s ]
NOTIC: [8] Undefined index: savepath F:\disproject\wechatxcx\w1chatXcs\ThinkPHP\Library\Think\Upload\Driver\Qiniu.class.php 第 88 行.
NOTIC: [8] Undefined index: savename F:\disproject\wechatxcx\w1chatXcs\ThinkPHP\Library\Think\Upload\Driver\Qiniu.class.php 第 88 行.
NOTIC: [8] Undefined index: Expires F:\disproject\wechatxcx\w1chatXcs\ThinkPHP\Library\Think\Upload\Driver\Qiniu\QiniuStorage.class.php 第 51 行.
NOTIC: [8] Undefined index: saveName F:\disproject\wechatxcx\w1chatXcs\ThinkPHP\Library\Think\Upload\Driver\Qiniu\QiniuStorage.class.php 第 87 行.
NOTIC: [8] Undefined index: custom_fields F:\disproject\wechatxcx\w1chatXcs\ThinkPHP\Library\Think\Upload\Driver\Qiniu\QiniuStorage.class.php 第 90 行.
INFO: [ view_parse ] --START--
INFO: [ template_filter ] --START--
INFO: Run Behavior\ContentReplaceBehavior [ RunTime:0.000020s ]
INFO: [ template_filter ] --END-- [ RunTime:0.000050s ]
INFO: Run Behavior\ParseTemplateBehavior [ RunTime:0.003269s ]
INFO: [ view_parse ] --END-- [ RunTime:0.003304s ]
INFO: [ view_filter ] --START--
INFO: Run Behavior\WriteHtmlCacheBehavior [ RunTime:0.000356s ]
INFO: [ view_filter ] --END-- [ RunTime:0.000383s ]
INFO: [ app_end ] --START--
INFO: Run Behavior\ShowPageTraceBehavior [ RunTime:0.000488s ]
INFO: [ app_end ] --END-- [ RunTime:0.000515s ]

[ 2017-07-26T11:53:02+08:00 ] ::1 /qiye_index/1
INFO: [ app_init ] --START--
INFO: Run Behavior\BuildLiteBehavior [ RunTime:0.000011s ]
INFO: [ app_init ] --END-- [ RunTime:0.000381s ]
INFO: [ app_begin ] --START--
INFO: Run Behavior\ReadHtmlCacheBehavior [ RunTime:0.000489s ]
INFO: [ app_begin ] --END-- [ RunTime:0.000527s ]
INFO: [ view_parse ] --START--
INFO: [ template_filter ] --START--
INFO: Run Behavior\ContentReplaceBehavior [ RunTime:0.000024s ]
INFO: [ template_filter ] --END-- [ RunTime:0.000089s ]
INFO: Run Behavior\ParseTemplateBehavior [ RunTime:0.003850s ]
INFO: [ view_parse ] --END-- [ RunTime:0.003885s ]
INFO: [ view_filter ] --START--
INFO: Run Behavior\WriteHtmlCacheBehavior [ RunTime:0.000333s ]
INFO: [ view_filter ] --END-- [ RunTime:0.000356s ]
INFO: [ app_end ] --START--
INFO: Run Behavior\ShowPageTraceBehavior [ RunTime:0.000389s ]
INFO: [ app_end ] --END-- [ RunTime:0.000415s ]

[ 2017-07-26T11:54:28+08:00 ] ::1 /qiye_index/1
INFO: [ app_init ] --START--
INFO: Run Behavior\BuildLiteBehavior [ RunTime:0.000008s ]
INFO: [ app_init ] --END-- [ RunTime:0.000307s ]
INFO: [ app_begin ] --START--
INFO: Run Behavior\ReadHtmlCacheBehavior [ RunTime:0.000480s ]
INFO: [ app_begin ] --END-- [ RunTime:0.000514s ]
NOTIC: [8] Undefined index: savepath F:\disproject\wechatxcx\w1chatXcs\ThinkPHP\Library\Think\Upload\Driver\Qiniu.class.php 第 88 行.
NOTIC: [8] Undefined index: savename F:\disproject\wechatxcx\w1chatXcs\ThinkPHP\Library\Think\Upload\Driver\Qiniu.class.php 第 88 行.
NOTIC: [8] Undefined index: Expires F:\disproject\wechatxcx\w1chatXcs\ThinkPHP\Library\Think\Upload\Driver\Qiniu\QiniuStorage.class.php 第 51 行.
NOTIC: [8] Undefined index: saveName F:\disproject\wechatxcx\w1chatXcs\ThinkPHP\Library\Think\Upload\Driver\Qiniu\QiniuStorage.class.php 第 87 行.
NOTIC: [8] Undefined index: custom_fields F:\disproject\wechatxcx\w1chatXcs\ThinkPHP\Library\Think\Upload\Driver\Qiniu\QiniuStorage.class.php 第 90 行.

